<?xml version="1.0" encoding="UTF-8"?>
<!-- Generated by org.testng.reporters.JUnitXMLReporter -->
<testsuite hostname="DESKTOP-71PN4CI" ignored="0" name="Command line test" tests="23" failures="2" timestamp="2023-05-01T21:23:18 GST" time="16.593" errors="0">
  <testcase name="Login" time="0.802" classname="Campus.CountryTest"/>
  <testcase name="createCountry" time="1.512" classname="Campus.CountryTest"/>
  <testcase name="createCountryNegative" time="0.632" classname="Campus.CountryTest"/>
  <testcase name="updateCountry" time="0.68" classname="Campus.CountryTest"/>
  <testcase name="deleteCountry" time="0.515" classname="Campus.CountryTest"/>
  <testcase name="deleteCountryNegative" time="0.555" classname="Campus.CountryTest"/>
  <testcase name="bodyArrayHasSizeTest" time="1.123" classname="ZippoTest"/>
  <testcase name="checkHasItem" time="0.336" classname="ZippoTest">
    <failure type="java.lang.AssertionError" message="1 expectation failed.
JSON path places.&amp;apos;place name&amp;apos; doesn&amp;apos;t match.
Expected: a collection containing &amp;quot;Dörtağaç Köyü&amp;quot;
  Actual: &amp;lt;[Beverly Hills]&amp;gt;
">
      <![CDATA[java.lang.AssertionError: 1 expectation failed.
JSON path places.'place name' doesn't match.
Expected: a collection containing "Dörtağaç Köyü"
  Actual: <[Beverly Hills]>

at org.codehaus.groovy.runtime.callsite.ConstructorSite$ConstructorSiteNoUnwrap.callConstructor(ConstructorSite.java:86)
at org.codehaus.groovy.runtime.callsite.CallSiteArray.defaultCallConstructor(CallSiteArray.java:58)
at org.codehaus.groovy.runtime.callsite.AbstractCallSite.callConstructor(AbstractCallSite.java:263)
at org.codehaus.groovy.runtime.callsite.AbstractCallSite.callConstructor(AbstractCallSite.java:277)
at io.restassured.internal.ResponseSpecificationImpl$HamcrestAssertionClosure.validate(ResponseSpecificationImpl.groovy:512)
at io.restassured.internal.ResponseSpecificationImpl$HamcrestAssertionClosure$validate$1.call(Unknown Source)
at io.restassured.internal.ResponseSpecificationImpl.validateResponseIfRequired(ResponseSpecificationImpl.groovy:696)
at io.restassured.internal.ResponseSpecificationImpl.this$2$validateResponseIfRequired(ResponseSpecificationImpl.groovy)
at org.codehaus.groovy.runtime.callsite.PlainObjectMetaMethodSite.doInvoke(PlainObjectMetaMethodSite.java:43)
at org.codehaus.groovy.runtime.callsite.PogoMetaMethodSite$PogoCachedMethodSiteNoUnwrapNoCoerce.invoke(PogoMetaMethodSite.java:198)
at org.codehaus.groovy.runtime.callsite.PogoMetaMethodSite.callCurrent(PogoMetaMethodSite.java:62)
at org.codehaus.groovy.runtime.callsite.AbstractCallSite.callCurrent(AbstractCallSite.java:185)
at io.restassured.internal.ResponseSpecificationImpl.body(ResponseSpecificationImpl.groovy:270)
at io.restassured.specification.ResponseSpecification$body$1.callCurrent(Unknown Source)
at org.codehaus.groovy.runtime.callsite.CallSiteArray.defaultCallCurrent(CallSiteArray.java:50)
at io.restassured.specification.ResponseSpecification$body$1.callCurrent(Unknown Source)
at io.restassured.internal.ResponseSpecificationImpl.body(ResponseSpecificationImpl.groovy:117)
at io.restassured.internal.ValidatableResponseOptionsImpl.body(ValidatableResponseOptionsImpl.java:244)
at ZippoTest.checkHasItem(ZippoTest.java:64)
at java.util.ArrayList.forEach(ArrayList.java:1259)
... Removed 47 stack frames]]>
    </failure>
  </testcase> <!-- checkHasItem -->
  <testcase name="combiningTest" time="0.404" classname="ZippoTest"/>
  <testcase name="contentTypeTest" time="0.335" classname="ZippoTest"/>
  <testcase name="extractJsonAll_POJO" time="0.391" classname="ZippoTest"/>
  <testcase name="extractPOJO_Soru" time="0.361" classname="ZippoTest"/>
  <testcase name="extractingJsonPath" time="0.319" classname="ZippoTest"/>
  <testcase name="extractingJsonPath2" time="0.328" classname="ZippoTest"/>
  <testcase name="extractingJsonPath3" time="0.545" classname="ZippoTest"/>
  <testcase name="extractingJsonPath4" time="0.24" classname="ZippoTest"/>
  <testcase name="extractingJsonPath5" time="0.238" classname="ZippoTest"/>
  <testcase name="extractingJsonPathResponseAll" time="0.548" classname="ZippoTest">
    <failure type="java.lang.AssertionError" message="expected [true] but found [false]">
      <![CDATA[java.lang.AssertionError: expected [true] but found [false]
at ZippoTest.extractingJsonPathResponseAll(ZippoTest.java:237)
at java.util.ArrayList.forEach(ArrayList.java:1259)
... Removed 41 stack frames]]>
    </failure>
  </testcase> <!-- extractingJsonPathResponseAll -->
  <testcase name="pathParamTest" time="0.314" classname="ZippoTest"/>
  <testcase name="queryParamTest2" time="2.385" classname="ZippoTest"/>
  <testcase name="queryTest" time="0.242" classname="ZippoTest"/>
  <testcase name="stateTest" time="0.316" classname="ZippoTest"/>
  <testcase name="test1" time="0.0" classname="ZippoTest"/>
</testsuite> <!-- Command line test -->
